{"D:\\Programming\\React\\application-sample-projects\\react-with-mysql-backend-demo\\backend\\app.js": {"path":"D:\\Programming\\React\\application-sample-projects\\react-with-mysql-backend-demo\\backend\\app.js","statementMap":{"0":{"start":{"line":1,"column":16},"end":{"line":1,"column":34}},"1":{"start":{"line":2,"column":13},"end":{"line":2,"column":28}},"2":{"start":{"line":10,"column":4},"end":{"line":10,"column":32}},"3":{"start":{"line":11,"column":17},"end":{"line":11,"column":38}},"4":{"start":{"line":12,"column":0},"end":{"line":12,"column":27}},"5":{"start":{"line":14,"column":13},"end":{"line":14,"column":37}},"6":{"start":{"line":15,"column":12},"end":{"line":15,"column":21}},"7":{"start":{"line":17,"column":0},"end":{"line":17,"column":24}},"8":{"start":{"line":18,"column":0},"end":{"line":18,"column":16}},"9":{"start":{"line":20,"column":0},"end":{"line":30,"column":3}},"10":{"start":{"line":21,"column":33},"end":{"line":21,"column":41}},"11":{"start":{"line":23,"column":2},"end":{"line":29,"column":3}},"12":{"start":{"line":24,"column":17},"end":{"line":24,"column":54}},"13":{"start":{"line":26,"column":4},"end":{"line":26,"column":31}},"14":{"start":{"line":28,"column":4},"end":{"line":28,"column":40}},"15":{"start":{"line":32,"column":0},"end":{"line":42,"column":3}},"16":{"start":{"line":33,"column":37},"end":{"line":33,"column":45}},"17":{"start":{"line":35,"column":2},"end":{"line":41,"column":3}},"18":{"start":{"line":36,"column":17},"end":{"line":36,"column":60}},"19":{"start":{"line":38,"column":4},"end":{"line":38,"column":31}},"20":{"start":{"line":40,"column":4},"end":{"line":40,"column":40}},"21":{"start":{"line":44,"column":0},"end":{"line":51,"column":3}},"22":{"start":{"line":45,"column":2},"end":{"line":50,"column":3}},"23":{"start":{"line":46,"column":17},"end":{"line":46,"column":38}},"24":{"start":{"line":47,"column":4},"end":{"line":47,"column":31}},"25":{"start":{"line":49,"column":4},"end":{"line":49,"column":40}},"26":{"start":{"line":53,"column":0},"end":{"line":62,"column":3}},"27":{"start":{"line":54,"column":13},"end":{"line":54,"column":26}},"28":{"start":{"line":56,"column":2},"end":{"line":61,"column":3}},"29":{"start":{"line":57,"column":17},"end":{"line":57,"column":37}},"30":{"start":{"line":58,"column":4},"end":{"line":58,"column":31}},"31":{"start":{"line":60,"column":4},"end":{"line":60,"column":40}},"32":{"start":{"line":64,"column":0},"end":{"line":73,"column":3}},"33":{"start":{"line":65,"column":15},"end":{"line":65,"column":30}},"34":{"start":{"line":67,"column":2},"end":{"line":72,"column":3}},"35":{"start":{"line":68,"column":17},"end":{"line":68,"column":45}},"36":{"start":{"line":69,"column":4},"end":{"line":69,"column":31}},"37":{"start":{"line":71,"column":4},"end":{"line":71,"column":40}},"38":{"start":{"line":75,"column":0},"end":{"line":84,"column":3}},"39":{"start":{"line":76,"column":17},"end":{"line":76,"column":25}},"40":{"start":{"line":78,"column":2},"end":{"line":83,"column":3}},"41":{"start":{"line":79,"column":17},"end":{"line":79,"column":40}},"42":{"start":{"line":80,"column":4},"end":{"line":80,"column":31}},"43":{"start":{"line":82,"column":4},"end":{"line":82,"column":40}},"44":{"start":{"line":86,"column":0},"end":{"line":86,"column":21}}},"fnMap":{"0":{"name":"(anonymous_0)","decl":{"start":{"line":20,"column":18},"end":{"line":20,"column":19}},"loc":{"start":{"line":20,"column":38},"end":{"line":30,"column":1}},"line":20},"1":{"name":"(anonymous_1)","decl":{"start":{"line":32,"column":17},"end":{"line":32,"column":18}},"loc":{"start":{"line":32,"column":37},"end":{"line":42,"column":1}},"line":32},"2":{"name":"(anonymous_2)","decl":{"start":{"line":44,"column":17},"end":{"line":44,"column":18}},"loc":{"start":{"line":44,"column":37},"end":{"line":51,"column":1}},"line":44},"3":{"name":"(anonymous_3)","decl":{"start":{"line":53,"column":21},"end":{"line":53,"column":22}},"loc":{"start":{"line":53,"column":41},"end":{"line":62,"column":1}},"line":53},"4":{"name":"(anonymous_4)","decl":{"start":{"line":64,"column":30},"end":{"line":64,"column":31}},"loc":{"start":{"line":64,"column":50},"end":{"line":73,"column":1}},"line":64},"5":{"name":"(anonymous_5)","decl":{"start":{"line":75,"column":20},"end":{"line":75,"column":21}},"loc":{"start":{"line":75,"column":40},"end":{"line":84,"column":1}},"line":75}},"branchMap":{"0":{"loc":{"start":{"line":14,"column":13},"end":{"line":14,"column":37}},"type":"binary-expr","locations":[{"start":{"line":14,"column":13},"end":{"line":14,"column":29}},{"start":{"line":14,"column":33},"end":{"line":14,"column":37}}],"line":14}},"s":{"0":1,"1":1,"2":1,"3":1,"4":1,"5":1,"6":1,"7":1,"8":1,"9":1,"10":2,"11":2,"12":2,"13":2,"14":0,"15":1,"16":1,"17":1,"18":1,"19":1,"20":0,"21":1,"22":2,"23":2,"24":2,"25":0,"26":1,"27":2,"28":2,"29":2,"30":2,"31":0,"32":1,"33":1,"34":1,"35":1,"36":1,"37":0,"38":1,"39":1,"40":1,"41":1,"42":1,"43":0,"44":1},"f":{"0":2,"1":1,"2":2,"3":2,"4":1,"5":1},"b":{"0":[1,1]},"_coverageSchema":"1a1c01bbd47fc00a2c39e90264f33305004495a9","hash":"f373813b11dcc5f6ed1f578a10769228c9439097"}
,"D:\\Programming\\React\\application-sample-projects\\react-with-mysql-backend-demo\\backend\\model\\db.js": {"path":"D:\\Programming\\React\\application-sample-projects\\react-with-mysql-backend-demo\\backend\\model\\db.js","statementMap":{"0":{"start":{"line":1,"column":14},"end":{"line":1,"column":39}},"1":{"start":{"line":2,"column":0},"end":{"line":2,"column":27}},"2":{"start":{"line":3,"column":13},"end":{"line":8,"column":2}},"3":{"start":{"line":17,"column":0},"end":{"line":19,"column":2}}},"fnMap":{},"branchMap":{},"s":{"0":3,"1":3,"2":3,"3":3},"f":{},"b":{},"_coverageSchema":"1a1c01bbd47fc00a2c39e90264f33305004495a9","hash":"f1eac7a4f34adfd6df3173e014343e4a80f93c08"}
,"D:\\Programming\\React\\application-sample-projects\\react-with-mysql-backend-demo\\backend\\model\\formModel.js": {"path":"D:\\Programming\\React\\application-sample-projects\\react-with-mysql-backend-demo\\backend\\model\\formModel.js","statementMap":{"0":{"start":{"line":1,"column":17},"end":{"line":1,"column":32}},"1":{"start":{"line":3,"column":22},"end":{"line":10,"column":1}},"2":{"start":{"line":4,"column":15},"end":{"line":4,"column":41}},"3":{"start":{"line":5,"column":14},"end":{"line":5,"column":55}},"4":{"start":{"line":6,"column":17},"end":{"line":6,"column":38}},"5":{"start":{"line":7,"column":2},"end":{"line":7,"column":31}},"6":{"start":{"line":9,"column":2},"end":{"line":9,"column":14}},"7":{"start":{"line":12,"column":19},"end":{"line":22,"column":1}},"8":{"start":{"line":13,"column":15},"end":{"line":13,"column":41}},"9":{"start":{"line":14,"column":14},"end":{"line":14,"column":68}},"10":{"start":{"line":15,"column":17},"end":{"line":15,"column":44}},"11":{"start":{"line":16,"column":2},"end":{"line":16,"column":31}},"12":{"start":{"line":18,"column":2},"end":{"line":20,"column":3}},"13":{"start":{"line":19,"column":4},"end":{"line":19,"column":40}},"14":{"start":{"line":21,"column":2},"end":{"line":21,"column":17}},"15":{"start":{"line":24,"column":25},"end":{"line":35,"column":1}},"16":{"start":{"line":25,"column":15},"end":{"line":25,"column":41}},"17":{"start":{"line":26,"column":14},"end":{"line":26,"column":70}},"18":{"start":{"line":27,"column":17},"end":{"line":27,"column":46}},"19":{"start":{"line":28,"column":2},"end":{"line":28,"column":31}},"20":{"start":{"line":30,"column":2},"end":{"line":32,"column":3}},"21":{"start":{"line":31,"column":4},"end":{"line":31,"column":40}},"22":{"start":{"line":34,"column":2},"end":{"line":34,"column":17}},"23":{"start":{"line":37,"column":20},"end":{"line":47,"column":1}},"24":{"start":{"line":38,"column":15},"end":{"line":38,"column":41}},"25":{"start":{"line":40,"column":14},"end":{"line":40,"column":65}},"26":{"start":{"line":41,"column":19},"end":{"line":41,"column":62}},"27":{"start":{"line":43,"column":2},"end":{"line":43,"column":31}},"28":{"start":{"line":45,"column":15},"end":{"line":45,"column":48}},"29":{"start":{"line":46,"column":2},"end":{"line":46,"column":14}},"30":{"start":{"line":49,"column":22},"end":{"line":60,"column":1}},"31":{"start":{"line":50,"column":15},"end":{"line":50,"column":41}},"32":{"start":{"line":52,"column":14},"end":{"line":52,"column":75}},"33":{"start":{"line":53,"column":17},"end":{"line":53,"column":64}},"34":{"start":{"line":55,"column":2},"end":{"line":55,"column":31}},"35":{"start":{"line":57,"column":15},"end":{"line":57,"column":35}},"36":{"start":{"line":59,"column":2},"end":{"line":59,"column":14}},"37":{"start":{"line":62,"column":22},"end":{"line":69,"column":1}},"38":{"start":{"line":63,"column":15},"end":{"line":63,"column":41}},"39":{"start":{"line":64,"column":14},"end":{"line":64,"column":45}},"40":{"start":{"line":65,"column":17},"end":{"line":65,"column":44}},"41":{"start":{"line":66,"column":2},"end":{"line":66,"column":31}},"42":{"start":{"line":68,"column":2},"end":{"line":68,"column":37}},"43":{"start":{"line":71,"column":35},"end":{"line":87,"column":1}},"44":{"start":{"line":72,"column":2},"end":{"line":85,"column":3}},"45":{"start":{"line":73,"column":4},"end":{"line":82,"column":5}},"46":{"start":{"line":74,"column":26},"end":{"line":74,"column":54}},"47":{"start":{"line":76,"column":19},"end":{"line":76,"column":45}},"48":{"start":{"line":77,"column":18},"end":{"line":77,"column":49}},"49":{"start":{"line":78,"column":21},"end":{"line":78,"column":60}},"50":{"start":{"line":79,"column":6},"end":{"line":79,"column":35}},"51":{"start":{"line":81,"column":6},"end":{"line":81,"column":43}},"52":{"start":{"line":84,"column":4},"end":{"line":84,"column":27}},"53":{"start":{"line":86,"column":2},"end":{"line":86,"column":28}},"54":{"start":{"line":89,"column":0},"end":{"line":97,"column":2}}},"fnMap":{"0":{"name":"(anonymous_0)","decl":{"start":{"line":3,"column":22},"end":{"line":3,"column":23}},"loc":{"start":{"line":3,"column":34},"end":{"line":10,"column":1}},"line":3},"1":{"name":"(anonymous_1)","decl":{"start":{"line":12,"column":19},"end":{"line":12,"column":20}},"loc":{"start":{"line":12,"column":33},"end":{"line":22,"column":1}},"line":12},"2":{"name":"(anonymous_2)","decl":{"start":{"line":24,"column":25},"end":{"line":24,"column":26}},"loc":{"start":{"line":24,"column":41},"end":{"line":35,"column":1}},"line":24},"3":{"name":"(anonymous_3)","decl":{"start":{"line":37,"column":20},"end":{"line":37,"column":21}},"loc":{"start":{"line":37,"column":50},"end":{"line":47,"column":1}},"line":37},"4":{"name":"(anonymous_4)","decl":{"start":{"line":49,"column":22},"end":{"line":49,"column":23}},"loc":{"start":{"line":49,"column":56},"end":{"line":60,"column":1}},"line":49},"5":{"name":"(anonymous_5)","decl":{"start":{"line":62,"column":22},"end":{"line":62,"column":23}},"loc":{"start":{"line":62,"column":36},"end":{"line":69,"column":1}},"line":62},"6":{"name":"(anonymous_6)","decl":{"start":{"line":71,"column":35},"end":{"line":71,"column":36}},"loc":{"start":{"line":71,"column":51},"end":{"line":87,"column":1}},"line":71}},"branchMap":{"0":{"loc":{"start":{"line":18,"column":2},"end":{"line":20,"column":3}},"type":"if","locations":[{"start":{"line":18,"column":2},"end":{"line":20,"column":3}},{"start":{},"end":{}}],"line":18},"1":{"loc":{"start":{"line":30,"column":2},"end":{"line":32,"column":3}},"type":"if","locations":[{"start":{"line":30,"column":2},"end":{"line":32,"column":3}},{"start":{},"end":{}}],"line":30},"2":{"loc":{"start":{"line":73,"column":4},"end":{"line":82,"column":5}},"type":"if","locations":[{"start":{"line":73,"column":4},"end":{"line":82,"column":5}},{"start":{},"end":{}}],"line":73}},"s":{"0":2,"1":2,"2":3,"3":3,"4":3,"5":3,"6":3,"7":2,"8":10,"9":10,"10":10,"11":10,"12":10,"13":1,"14":9,"15":2,"16":5,"17":5,"18":5,"19":5,"20":5,"21":2,"22":3,"23":2,"24":4,"25":4,"26":4,"27":4,"28":4,"29":4,"30":2,"31":2,"32":2,"33":2,"34":2,"35":2,"36":2,"37":2,"38":2,"39":2,"40":2,"41":2,"42":2,"43":2,"44":3,"45":3,"46":2,"47":1,"48":1,"49":1,"50":1,"51":1,"52":1,"53":2,"54":2},"f":{"0":3,"1":10,"2":5,"3":4,"4":2,"5":2,"6":3},"b":{"0":[1,9],"1":[2,3],"2":[2,1]},"_coverageSchema":"1a1c01bbd47fc00a2c39e90264f33305004495a9","hash":"ace03c388944db38623aa262e8ba89c1639c6410"}
}
