TN:
SF:backend\app.js
FN:20,(anonymous_0)
FN:32,(anonymous_1)
FN:44,(anonymous_2)
FN:53,(anonymous_3)
FN:64,(anonymous_4)
FN:75,(anonymous_5)
FNF:6
FNH:6
FNDA:2,(anonymous_0)
FNDA:1,(anonymous_1)
FNDA:2,(anonymous_2)
FNDA:2,(anonymous_3)
FNDA:1,(anonymous_4)
FNDA:1,(anonymous_5)
DA:1,1
DA:2,1
DA:10,1
DA:11,1
DA:12,1
DA:14,1
DA:15,1
DA:17,1
DA:18,1
DA:20,1
DA:21,2
DA:23,2
DA:24,2
DA:26,2
DA:28,0
DA:32,1
DA:33,1
DA:35,1
DA:36,1
DA:38,1
DA:40,0
DA:44,1
DA:45,2
DA:46,2
DA:47,2
DA:49,0
DA:53,1
DA:54,2
DA:56,2
DA:57,2
DA:58,2
DA:60,0
DA:64,1
DA:65,1
DA:67,1
DA:68,1
DA:69,1
DA:71,0
DA:75,1
DA:76,1
DA:78,1
DA:79,1
DA:80,1
DA:82,0
DA:86,1
LF:45
LH:39
BRDA:14,0,0,1
BRDA:14,0,1,1
BRF:2
BRH:2
end_of_record
TN:
SF:backend\model\db.js
FNF:0
FNH:0
DA:1,3
DA:2,3
DA:3,3
DA:17,3
LF:4
LH:4
BRF:0
BRH:0
end_of_record
TN:
SF:backend\model\formModel.js
FN:3,(anonymous_0)
FN:12,(anonymous_1)
FN:24,(anonymous_2)
FN:37,(anonymous_3)
FN:49,(anonymous_4)
FN:62,(anonymous_5)
FN:71,(anonymous_6)
FNF:7
FNH:7
FNDA:3,(anonymous_0)
FNDA:10,(anonymous_1)
FNDA:5,(anonymous_2)
FNDA:4,(anonymous_3)
FNDA:2,(anonymous_4)
FNDA:2,(anonymous_5)
FNDA:3,(anonymous_6)
DA:1,2
DA:3,2
DA:4,3
DA:5,3
DA:6,3
DA:7,3
DA:9,3
DA:12,2
DA:13,10
DA:14,10
DA:15,10
DA:16,10
DA:18,10
DA:19,1
DA:21,9
DA:24,2
DA:25,5
DA:26,5
DA:27,5
DA:28,5
DA:30,5
DA:31,2
DA:34,3
DA:37,2
DA:38,4
DA:40,4
DA:41,4
DA:43,4
DA:45,4
DA:46,4
DA:49,2
DA:50,2
DA:52,2
DA:53,2
DA:55,2
DA:57,2
DA:59,2
DA:62,2
DA:63,2
DA:64,2
DA:65,2
DA:66,2
DA:68,2
DA:71,2
DA:72,3
DA:73,3
DA:74,2
DA:76,1
DA:77,1
DA:78,1
DA:79,1
DA:81,1
DA:84,1
DA:86,2
DA:89,2
LF:55
LH:55
BRDA:18,0,0,1
BRDA:18,0,1,9
BRDA:30,1,0,2
BRDA:30,1,1,3
BRDA:73,2,0,2
BRDA:73,2,1,1
BRF:6
BRH:6
end_of_record
